<?xml version="1.0" encoding="UTF-8"?>
<testsuite xmlns:xsi="http://www.w3.org/2001/XMLSchema-instance" xsi:noNamespaceSchemaLocation="https://maven.apache.org/surefire/maven-surefire-plugin/xsd/surefire-test-report-3.0.xsd" version="3.0" name="com.esports.gestaotorneios.controller.TorneioControllerTest" time="0.736" tests="4" errors="0" skipped="0" failures="0">
  <properties>
[...]
</properties>
  <testcase name="deveBloquearCriacaoDeTorneioParaCapitao" classname="com.esports.gestaotorneios.controller.TorneioControllerTest" time="0.028">
    <system-out><![CDATA[2026-06-28T12:39:49.302-03:00  INFO 7476 --- [           main] t.c.s.AnnotationConfigContextLoaderUtils : Could not detect default configuration classes for test class [com.esports.gestaotorneios.controller.TorneioControllerTest]: TorneioControllerTest does not declare any static, non-private, non-final, nested classes annotated with @Configuration.
2026-06-28T12:39:49.315-03:00  INFO 7476 --- [           main] .b.t.c.SpringBootTestContextBootstrapper : Found @SpringBootConfiguration com.esports.gestaotorneios.GestaoTorneiosApplication for test class com.esports.gestaotorneios.controller.TorneioControllerTest
  .   ____          _            __ _ _
 /\\ / ___'_ __ _ _(_)_ __  __ _ \ \ \ \
( ( )\___ | '_ | '_| | '_ \/ _` | \ \ \ \
 \\/  ___)| |_)| | | | | || (_| |  ) ) ) )
  '  |____| .__|_| |_|_| |_\__, | / / / /
 =========|_|==============|___/=/_/_/_/

 :: Spring Boot ::                (v3.3.0)

2026-06-28T12:39:49.347-03:00  INFO 7476 --- [           main] c.e.g.controller.TorneioControllerTest   : Starting TorneioControllerTest using Java 21.0.10 with PID 7476 (started by Paulo Henrique in C:\Users\Paulo Henrique\Documents\gestao_torneios_web2)
2026-06-28T12:39:49.349-03:00  INFO 7476 --- [           main] c.e.g.controller.TorneioControllerTest   : No active profile set, falling back to 1 default profile: "default"
2026-06-28T12:39:49.709-03:00  INFO 7476 --- [           main] o.s.b.a.w.s.WelcomePageHandlerMapping    : Adding welcome page template: index
2026-06-28T12:39:49.879-03:00  WARN 7476 --- [           main] .s.s.UserDetailsServiceAutoConfiguration : 

Using generated security password: 1a87537b-0668-433d-9393-379d942efdf1

This generated password is for development use only. Your security configuration must be updated before running your application in production.

2026-06-28T12:39:49.881-03:00  INFO 7476 --- [           main] r$InitializeUserDetailsManagerConfigurer : Global AuthenticationManager configured with UserDetailsService bean with name inMemoryUserDetailsManager
2026-06-28T12:39:49.923-03:00  INFO 7476 --- [           main] o.s.s.web.DefaultSecurityFilterChain     : Will secure any request with [org.springframework.security.web.session.DisableEncodeUrlFilter@143fe09c, org.springframework.security.web.context.request.async.WebAsyncManagerIntegrationFilter@41463c56, org.springframework.security.web.context.SecurityContextHolderFilter@744f0e0b, org.springframework.security.web.header.HeaderWriterFilter@1860b107, org.springframework.web.filter.CorsFilter@161c9468, org.springframework.security.web.csrf.CsrfFilter@d271d6c, org.springframework.security.web.authentication.logout.LogoutFilter@2ffcdc9b, org.springframework.security.web.authentication.UsernamePasswordAuthenticationFilter@5020e5ab, org.springframework.security.web.authentication.ui.DefaultLoginPageGeneratingFilter@570127fa, org.springframework.security.web.authentication.ui.DefaultLogoutPageGeneratingFilter@629de8, org.springframework.security.web.authentication.www.BasicAuthenticationFilter@19f1f330, org.springframework.security.web.savedrequest.RequestCacheAwareFilter@4136b193, org.springframework.security.web.servletapi.SecurityContextHolderAwareRequestFilter@4af44f2a, org.springframework.security.web.authentication.AnonymousAuthenticationFilter@6b32b678, org.springframework.security.web.access.ExceptionTranslationFilter@a302f30, org.springframework.security.web.access.intercept.AuthorizationFilter@19f99aaf]
2026-06-28T12:39:49.945-03:00  INFO 7476 --- [           main] o.s.b.t.m.w.SpringBootMockServletContext : Initializing Spring TestDispatcherServlet ''
2026-06-28T12:39:49.946-03:00  INFO 7476 --- [           main] o.s.t.web.servlet.TestDispatcherServlet  : Initializing Servlet ''
2026-06-28T12:39:49.946-03:00  INFO 7476 --- [           main] o.s.t.web.servlet.TestDispatcherServlet  : Completed initialization in 0 ms
2026-06-28T12:39:49.959-03:00  INFO 7476 --- [           main] c.e.g.controller.TorneioControllerTest   : Started TorneioControllerTest in 0.641 seconds (process running for 5.159)
]]></system-out>
  </testcase>
  <testcase name="devePermitirAcessoAFormularioDeTorneioParaOrganizador" classname="com.esports.gestaotorneios.controller.TorneioControllerTest" time="0.028"/>
  <testcase name="deveBloquearAcessoAFormularioDeTorneioParaCapitao" classname="com.esports.gestaotorneios.controller.TorneioControllerTest" time="0.005"/>
  <testcase name="devePermitirCriacaoDeTorneioParaOrganizador" classname="com.esports.gestaotorneios.controller.TorneioControllerTest" time="0.011"/>
</testsuite>